2016-11-14 22:31:54,167 [INFO] from play.api.libs.concurrent.ActorSystemProvider in pool-4-thread-2 - Starting application default Akka system: application
2016-11-14 22:31:54,326 [INFO] from play.core.server.NettyServer$ in pool-4-thread-2 - Listening for HTTP on /0:0:0:0:0:0:0:0:9000
2016-11-14 22:33:52,030 [INFO] from application in ForkJoinPool-1-worker-1 - Creating Pool for datasource 'default'
2016-11-14 22:33:53,912 [INFO] from play.api.db.DefaultDBApi in ForkJoinPool-1-worker-1 - Database [default] connected at jdbc:mysql://localhost/femr_testdb?characterEncoding=UTF-8
2016-11-14 22:33:57,876 [INFO] from play.api.libs.concurrent.ActorSystemProvider in ForkJoinPool-1-worker-1 - Starting application default Akka system: application
2016-11-14 22:34:02,489 [INFO] from play.api.Play$ in ForkJoinPool-1-worker-1 - Application started (Dev)
2016-11-14 22:48:02,054 [ERROR] from application in New I/O worker #2 - 

! @724837294 - Internal server error, for (GET) [/] ->
 
play.sbt.PlayExceptions$CompilationException: Compilation error[cannot find symbol
  symbol:   variable createViewModelPostForm
  location: class femr.ui.controllers.MedicalController]
	at play.sbt.PlayExceptions$CompilationException$.apply(PlayExceptions.scala:27) ~[na:na]
	at play.sbt.PlayExceptions$CompilationException$.apply(PlayExceptions.scala:27) ~[na:na]
	at scala.Option.map(Option.scala:145) ~[scala-library-2.11.7.jar:na]
	at play.sbt.run.PlayReload$$anonfun$taskFailureHandler$1.apply(PlayReload.scala:49) ~[na:na]
	at play.sbt.run.PlayReload$$anonfun$taskFailureHandler$1.apply(PlayReload.scala:44) ~[na:na]
	at scala.Option.map(Option.scala:145) ~[scala-library-2.11.7.jar:na]
	at play.sbt.run.PlayReload$.taskFailureHandler(PlayReload.scala:44) ~[na:na]
	at play.sbt.run.PlayReload$.compileFailure(PlayReload.scala:40) ~[na:na]
	at play.sbt.run.PlayReload$$anonfun$compile$1.apply(PlayReload.scala:17) ~[na:na]
	at play.sbt.run.PlayReload$$anonfun$compile$1.apply(PlayReload.scala:17) ~[na:na]
	at scala.util.Either$LeftProjection.map(Either.scala:377) ~[scala-library-2.11.7.jar:na]
	at play.sbt.run.PlayReload$.compile(PlayReload.scala:17) ~[na:na]
	at play.sbt.run.PlayRun$$anonfun$playRunTask$1$$anonfun$apply$2$$anonfun$apply$3$$anonfun$2.apply(PlayRun.scala:60) ~[na:na]
	at play.sbt.run.PlayRun$$anonfun$playRunTask$1$$anonfun$apply$2$$anonfun$apply$3$$anonfun$2.apply(PlayRun.scala:60) ~[na:na]
	at play.runsupport.Reloader.reload(Reloader.scala:305) ~[na:na]
	at play.core.server.DevServerStart$$anonfun$mainDev$1$$anon$1$$anonfun$get$1.apply(DevServerStart.scala:113) ~[play-server_2.11-2.4.0.jar:2.4.0]
	at play.core.server.DevServerStart$$anonfun$mainDev$1$$anon$1$$anonfun$get$1.apply(DevServerStart.scala:111) ~[play-server_2.11-2.4.0.jar:2.4.0]
	at scala.concurrent.impl.Future$PromiseCompletingRunnable.liftedTree1$1(Future.scala:24) ~[scala-library-2.11.7.jar:na]
	at scala.concurrent.impl.Future$PromiseCompletingRunnable.run(Future.scala:24) ~[scala-library-2.11.7.jar:na]
	at akka.dispatch.TaskInvocation.run(AbstractDispatcher.scala:40) ~[akka-actor_2.11-2.3.11.jar:na]
	at akka.dispatch.ForkJoinExecutorConfigurator$AkkaForkJoinTask.exec(AbstractDispatcher.scala:397) ~[akka-actor_2.11-2.3.11.jar:na]
	at scala.concurrent.forkjoin.ForkJoinTask.doExec(ForkJoinTask.java:260) ~[scala-library-2.11.7.jar:na]
	at scala.concurrent.forkjoin.ForkJoinPool$WorkQueue.runTask(ForkJoinPool.java:1339) ~[scala-library-2.11.7.jar:na]
	at scala.concurrent.forkjoin.ForkJoinPool.runWorker(ForkJoinPool.java:1979) ~[scala-library-2.11.7.jar:na]
	at scala.concurrent.forkjoin.ForkJoinWorkerThread.run(ForkJoinWorkerThread.java:107) ~[scala-library-2.11.7.jar:na]
2016-11-14 22:48:35,088 [INFO] from play.api.libs.concurrent.ActorSystemProvider in application-akka.actor.default-dispatcher-3 - Shutdown application default Akka system: application
2016-11-14 22:48:35,128 [INFO] from application in application-akka.actor.default-dispatcher-3 - Shutting down connection pool.
2016-11-14 22:48:36,430 [INFO] from application in application-akka.actor.default-dispatcher-3 - Creating Pool for datasource 'default'
2016-11-14 22:48:36,465 [INFO] from play.api.db.DefaultDBApi in application-akka.actor.default-dispatcher-3 - Database [default] connected at jdbc:mysql://localhost/femr_testdb?characterEncoding=UTF-8
2016-11-14 22:48:38,170 [INFO] from play.api.libs.concurrent.ActorSystemProvider in application-akka.actor.default-dispatcher-3 - Starting application default Akka system: application
2016-11-14 22:48:38,504 [INFO] from play.api.Play$ in application-akka.actor.default-dispatcher-3 - Application started (Dev)
2016-11-14 23:03:55,904 [ERROR] from application in New I/O worker #5 - 

! @72485999p - Internal server error, for (GET) [/] ->
 
play.sbt.PlayExceptions$CompilationException: Compilation error[illegal start of type]
	at play.sbt.PlayExceptions$CompilationException$.apply(PlayExceptions.scala:27) ~[na:na]
	at play.sbt.PlayExceptions$CompilationException$.apply(PlayExceptions.scala:27) ~[na:na]
	at scala.Option.map(Option.scala:145) ~[scala-library-2.11.7.jar:na]
	at play.sbt.run.PlayReload$$anonfun$taskFailureHandler$1.apply(PlayReload.scala:49) ~[na:na]
	at play.sbt.run.PlayReload$$anonfun$taskFailureHandler$1.apply(PlayReload.scala:44) ~[na:na]
	at scala.Option.map(Option.scala:145) ~[scala-library-2.11.7.jar:na]
	at play.sbt.run.PlayReload$.taskFailureHandler(PlayReload.scala:44) ~[na:na]
	at play.sbt.run.PlayReload$.compileFailure(PlayReload.scala:40) ~[na:na]
	at play.sbt.run.PlayReload$$anonfun$compile$1.apply(PlayReload.scala:17) ~[na:na]
	at play.sbt.run.PlayReload$$anonfun$compile$1.apply(PlayReload.scala:17) ~[na:na]
	at scala.util.Either$LeftProjection.map(Either.scala:377) ~[scala-library-2.11.7.jar:na]
	at play.sbt.run.PlayReload$.compile(PlayReload.scala:17) ~[na:na]
	at play.sbt.run.PlayRun$$anonfun$playRunTask$1$$anonfun$apply$2$$anonfun$apply$3$$anonfun$2.apply(PlayRun.scala:60) ~[na:na]
	at play.sbt.run.PlayRun$$anonfun$playRunTask$1$$anonfun$apply$2$$anonfun$apply$3$$anonfun$2.apply(PlayRun.scala:60) ~[na:na]
	at play.runsupport.Reloader.reload(Reloader.scala:305) ~[na:na]
	at play.core.server.DevServerStart$$anonfun$mainDev$1$$anon$1$$anonfun$get$1.apply(DevServerStart.scala:113) ~[play-server_2.11-2.4.0.jar:2.4.0]
	at play.core.server.DevServerStart$$anonfun$mainDev$1$$anon$1$$anonfun$get$1.apply(DevServerStart.scala:111) ~[play-server_2.11-2.4.0.jar:2.4.0]
	at scala.concurrent.impl.Future$PromiseCompletingRunnable.liftedTree1$1(Future.scala:24) ~[scala-library-2.11.7.jar:na]
	at scala.concurrent.impl.Future$PromiseCompletingRunnable.run(Future.scala:24) ~[scala-library-2.11.7.jar:na]
	at akka.dispatch.TaskInvocation.run(AbstractDispatcher.scala:40) ~[akka-actor_2.11-2.3.11.jar:na]
	at akka.dispatch.ForkJoinExecutorConfigurator$AkkaForkJoinTask.exec(AbstractDispatcher.scala:397) ~[akka-actor_2.11-2.3.11.jar:na]
	at scala.concurrent.forkjoin.ForkJoinTask.doExec(ForkJoinTask.java:260) ~[scala-library-2.11.7.jar:na]
	at scala.concurrent.forkjoin.ForkJoinPool$WorkQueue.runTask(ForkJoinPool.java:1339) ~[scala-library-2.11.7.jar:na]
	at scala.concurrent.forkjoin.ForkJoinPool.runWorker(ForkJoinPool.java:1979) ~[scala-library-2.11.7.jar:na]
	at scala.concurrent.forkjoin.ForkJoinWorkerThread.run(ForkJoinWorkerThread.java:107) ~[scala-library-2.11.7.jar:na]
2016-11-14 23:04:15,747 [INFO] from play.api.libs.concurrent.ActorSystemProvider in application-akka.actor.default-dispatcher-4 - Shutdown application default Akka system: application
2016-11-14 23:04:15,756 [INFO] from application in application-akka.actor.default-dispatcher-4 - Shutting down connection pool.
2016-11-14 23:04:16,222 [INFO] from application in application-akka.actor.default-dispatcher-4 - Creating Pool for datasource 'default'
2016-11-14 23:04:16,243 [INFO] from play.api.db.DefaultDBApi in application-akka.actor.default-dispatcher-4 - Database [default] connected at jdbc:mysql://localhost/femr_testdb?characterEncoding=UTF-8
2016-11-14 23:04:17,448 [INFO] from play.api.libs.concurrent.ActorSystemProvider in application-akka.actor.default-dispatcher-4 - Starting application default Akka system: application
2016-11-14 23:04:17,574 [INFO] from play.api.Play$ in application-akka.actor.default-dispatcher-4 - Application started (Dev)
2016-11-15 23:40:39,723 [INFO] from play.api.libs.concurrent.ActorSystemProvider in pool-4-thread-2 - Shutdown application default Akka system: application
2016-11-15 23:40:39,882 [INFO] from application in pool-4-thread-2 - Shutting down connection pool.
